<?xml version="1.0" encoding="UTF-8"?>
<testsuite name="PermissionManagerTest" tests="2" skipped="0" failures="0" errors="0" timestamp="2021-11-23T06:39:46" hostname="DESKTOP-3GATGDF" time="0.054">
  <properties/>
  <testcase name="Unit Test for getPermissionLevel() method" classname="PermissionManagerTest" time="0.047"/>
  <testcase name="Unit Test for setPermissionLevel() method" classname="PermissionManagerTest" time="0.006"/>
  <system-out><![CDATA[]]></system-out>
  <system-err><![CDATA[]]></system-err>
</testsuite>
