<?xml version="1.0" encoding="UTF-8"?>
<testsuite name="PermissionManagerTest" tests="2" skipped="0" failures="0" errors="0" timestamp="2021-11-24T12:46:05" hostname="DESKTOP-E22PLBB" time="0.018">
  <properties/>
  <testcase name="setPermissionLevel()" classname="PermissionManagerTest" time="0.017"/>
  <testcase name="getmCurrentLevel()" classname="PermissionManagerTest" time="0.0"/>
  <system-out><![CDATA[]]></system-out>
  <system-err><![CDATA[]]></system-err>
</testsuite>
